2022-06-24 19:30:09,953 :INFO : Test_001_Login :***********Test_001_Login************
2022-06-24 19:30:29,130 :INFO : Test_001_Login :***********Pass************
2022-06-24 19:30:30,677 :INFO : Test_001_Login :*********** start ************
2022-06-24 19:30:37,735 :INFO : Test_001_Login :***********Pass************
2022-06-28 15:52:45,770 :INFO : Test_001_Login :***********Test_001_Login************
2022-06-28 15:52:53,652 :INFO : Test_001_Login :***********Pass************
2022-06-28 15:52:54,915 :INFO : Test_001_Login :*********** start ************
2022-06-28 15:53:16,573 :INFO : Test_001_Login :***********Pass************
2022-06-28 20:11:38,992 :INFO : Test_002_DDT_Login :*********** Test_002_DDT_Login ************
2022-06-28 20:15:26,921 :INFO : Test_002_DDT_Login :*********** Test_002_DDT_Login ************
2022-06-28 20:18:19,405 :INFO : Test_002_DDT_Login :*********** Test_002_DDT_Login ************
2022-06-28 20:18:50,216 :INFO : Test_001_Login :***********Test_001_Login************
2022-06-28 20:19:13,538 :INFO : Test_001_Login :***********Pass************
2022-06-28 20:19:14,825 :INFO : Test_001_Login :*********** start ************
2022-06-28 20:19:42,094 :INFO : Test_001_Login :***********Pass************
2022-06-28 20:20:10,315 :INFO : Test_001_Login :***********Test_001_Login************
2022-06-28 20:20:14,844 :INFO : Test_001_Login :***********Pass************
2022-06-28 20:20:16,112 :INFO : Test_001_Login :*********** start ************
2022-06-28 20:20:33,471 :INFO : Test_002_DDT_Login :*********** Test_002_DDT_Login ************
2022-06-28 20:22:46,898 :INFO : Test_002_DDT_Login :*********** Test_002_DDT_Login ************
2022-06-28 20:23:27,261 :INFO : Test_002_DDT_Login :*********** Test_002_DDT_Login ************
2022-06-28 20:25:34,159 :INFO : Test_002_DDT_Login :*********** Test_002_DDT_Login ************
2022-06-28 20:30:21,413 :INFO : Test_002_DDT_Login :*********** Test_002_DDT_Login ************
2022-06-28 20:31:11,030 :INFO : Test_002_DDT_Login :Login DDT test pass............
2022-06-29 15:25:58,608 :INFO : Test_002_DDT_Login :*********** Test_002_DDT_Login ************
2022-06-29 15:26:33,056 :INFO : Test_002_DDT_Login :*********** Test_002_DDT_Login ************
2022-06-29 15:27:28,483 :INFO : Test_002_DDT_Login :*********** Test_002_DDT_Login ************
2022-06-29 15:28:23,774 :INFO : Test_001_Login :***********Test_001_Login************
2022-06-29 15:28:32,382 :INFO : Test_001_Login :***********Pass************
2022-06-29 15:28:33,551 :INFO : Test_001_Login :*********** start ************
2022-06-29 15:29:13,224 :INFO : Test_001_Login :***********Pass************
2022-06-29 15:30:30,163 :INFO : Test_002_DDT_Login :*********** Test_002_DDT_Login ************
2022-06-29 15:34:30,063 :INFO : Test_002_DDT_Login :*********** Test_002_DDT_Login ************
2022-06-29 15:35:18,914 :INFO : Test_002_DDT_Login :Login DDT test pass............
2022-06-29 15:35:59,090 :INFO : Test_002_DDT_Login :*********** Test_002_DDT_Login ************
2022-06-29 15:36:37,328 :INFO : Test_002_DDT_Login :Login DDT test pass............
